<?xml version="1.0" encoding="UTF-8"?>
<!-- Generated by org.testng.reporters.JUnitReportReporter -->
<testsuite hostname="DESKTOP-UE9EIAU" name="com.todos.tests.AddTodoTest" tests="1" failures="0" timestamp="22 Aug 2020 22:58:06 GMT" time="42.624" errors="0">
  <testcase name="iCanAddTodo" time="42.624" classname="com.todos.tests.AddTodoTest"/>
</testsuite> <!-- com.todos.tests.AddTodoTest -->
